<?xml version="1.0" encoding="UTF-8"?>
<!-- Generated by org.testng.reporters.JUnitReportReporter -->
<testsuite hostname="icon" failures="0" tests="1" name="com.qa.testCase.Login" time="10.560" errors="0" timestamp="2024-06-07T08:45:16 IST" skipped="0">
  <testcase classname="com.qa.testCase.Login" name="loginWithIncorrectCredentials" time="10.560"/>
</testsuite> <!-- com.qa.testCase.Login -->
